[ 2023-09-09 17:55:02,253 ] 18 root - INFO - Reading the Train data
[ 2023-09-09 17:55:02,307 ] 23 root - INFO - Reading the Train data successful
[ 2023-09-09 17:55:02,307 ] 32 root - INFO - Reading the test data
[ 2023-09-09 17:55:02,355 ] 37 root - INFO - Reading the test data successful
[ 2023-09-09 17:55:02,355 ] 22 root - INFO - Started data transformation for Train Data
[ 2023-09-09 17:55:02,355 ] 24 root - INFO - Started reading the train data
[ 2023-09-09 17:55:02,401 ] 27 root - INFO - Reading the train data completed
[ 2023-09-09 17:55:02,404 ] 35 root - INFO -  Started Filling the null Values of Item weight
[ 2023-09-09 17:55:02,437 ] 44 root - INFO - Completed filling the null values
[ 2023-09-09 17:55:02,437 ] 46 root - INFO - Started filling null values of Outlet size
[ 2023-09-09 17:55:02,437 ] 49 root - INFO - Filling null values of Outlet size is completed
[ 2023-09-09 17:55:02,437 ] 54 root - INFO - Started replacing the values of Item fat content
[ 2023-09-09 17:55:02,445 ] 60 root - INFO - Replacing the values of Item fat content completed
[ 2023-09-09 17:55:02,446 ] 66 root - INFO - Applying label encoding to Item type
[ 2023-09-09 17:55:02,453 ] 72 root - INFO - Applying label encoding to Item type completed
[ 2023-09-09 17:55:02,454 ] 83 root - INFO - Started Label encoding to Item fat content
[ 2023-09-09 17:55:02,454 ] 86 root - INFO - Label encoding to Item fat content completed
[ 2023-09-09 17:55:02,454 ] 91 root - INFO - Started Label encoding to outlet size
[ 2023-09-09 17:55:02,464 ] 94 root - INFO - Label encoding to outlet size completed
[ 2023-09-09 17:55:02,464 ] 99 root - INFO - Started Label encoding to outlet location type
[ 2023-09-09 17:55:02,469 ] 102 root - INFO -  Label encoding to outlet location type completed
[ 2023-09-09 17:55:02,469 ] 107 root - INFO - Started Label encoding to outlet type
[ 2023-09-09 17:55:02,474 ] 110 root - INFO - Label encoding to outlet type completed
[ 2023-09-09 17:55:02,474 ] 115 root - INFO - Completed data transformation for Train Data
[ 2023-09-09 17:55:02,474 ] 120 root - INFO - Started data transformation for Test Data
[ 2023-09-09 17:55:02,474 ] 121 root - INFO - Started reading the test data
[ 2023-09-09 17:55:02,484 ] 124 root - INFO - Reading the test data completed
[ 2023-09-09 17:55:02,484 ] 132 root - INFO -  Started Filling the null Values of Item weight
[ 2023-09-09 17:55:02,494 ] 141 root - INFO - Completed filling the null values
[ 2023-09-09 17:55:02,494 ] 143 root - INFO - Started filling null values of Outlet size
[ 2023-09-09 17:55:02,494 ] 146 root - INFO - Filling null values of Outlet size is completed
[ 2023-09-09 17:55:02,494 ] 151 root - INFO - Started replacing the values of Item fat content
[ 2023-09-09 17:55:02,494 ] 157 root - INFO - Replacing the values of Item fat content completed
[ 2023-09-09 17:55:02,494 ] 163 root - INFO - Applying label encoding to Item type
[ 2023-09-09 17:55:02,504 ] 169 root - INFO - Applying label encoding to Item type completed
[ 2023-09-09 17:55:02,505 ] 180 root - INFO - Started Label encoding to Item fat content
[ 2023-09-09 17:55:02,506 ] 183 root - INFO - Label encoding to Item fat content completed
[ 2023-09-09 17:55:02,506 ] 188 root - INFO - Started Label encoding to outlet size
[ 2023-09-09 17:55:02,506 ] 191 root - INFO - Label encoding to outlet size completed
[ 2023-09-09 17:55:02,506 ] 196 root - INFO - Started Label encoding to outlet location type
[ 2023-09-09 17:55:02,516 ] 199 root - INFO -  Label encoding to outlet location type completed
[ 2023-09-09 17:55:02,516 ] 204 root - INFO - Started Label encoding to outlet type
[ 2023-09-09 17:55:02,516 ] 207 root - INFO - Label encoding to outlet type completed
[ 2023-09-09 17:55:02,516 ] 212 root - INFO - Completed data transformation for Test Data
[ 2023-09-09 17:55:02,764 ] 12 root - INFO - Pipeline started
[ 2023-09-09 17:55:02,764 ] 18 root - INFO - Reading the Train data
[ 2023-09-09 17:55:02,825 ] 23 root - INFO - Reading the Train data successful
[ 2023-09-09 17:55:02,825 ] 32 root - INFO - Reading the test data
[ 2023-09-09 17:55:02,919 ] 37 root - INFO - Reading the test data successful
[ 2023-09-09 17:55:02,920 ] 22 root - INFO - Started data transformation for Train Data
[ 2023-09-09 17:55:02,920 ] 24 root - INFO - Started reading the train data
[ 2023-09-09 17:55:02,934 ] 27 root - INFO - Reading the train data completed
[ 2023-09-09 17:55:02,934 ] 35 root - INFO -  Started Filling the null Values of Item weight
[ 2023-09-09 17:55:02,954 ] 44 root - INFO - Completed filling the null values
[ 2023-09-09 17:55:02,954 ] 46 root - INFO - Started filling null values of Outlet size
[ 2023-09-09 17:55:02,954 ] 49 root - INFO - Filling null values of Outlet size is completed
[ 2023-09-09 17:55:02,954 ] 54 root - INFO - Started replacing the values of Item fat content
[ 2023-09-09 17:55:02,954 ] 60 root - INFO - Replacing the values of Item fat content completed
[ 2023-09-09 17:55:02,954 ] 66 root - INFO - Applying label encoding to Item type
[ 2023-09-09 17:55:02,965 ] 72 root - INFO - Applying label encoding to Item type completed
[ 2023-09-09 17:55:02,965 ] 83 root - INFO - Started Label encoding to Item fat content
[ 2023-09-09 17:55:02,972 ] 86 root - INFO - Label encoding to Item fat content completed
[ 2023-09-09 17:55:02,972 ] 91 root - INFO - Started Label encoding to outlet size
[ 2023-09-09 17:55:02,974 ] 94 root - INFO - Label encoding to outlet size completed
[ 2023-09-09 17:55:02,974 ] 99 root - INFO - Started Label encoding to outlet location type
[ 2023-09-09 17:55:02,980 ] 102 root - INFO -  Label encoding to outlet location type completed
[ 2023-09-09 17:55:02,980 ] 107 root - INFO - Started Label encoding to outlet type
[ 2023-09-09 17:55:02,984 ] 110 root - INFO - Label encoding to outlet type completed
[ 2023-09-09 17:55:02,984 ] 115 root - INFO - Completed data transformation for Train Data
[ 2023-09-09 17:55:02,984 ] 120 root - INFO - Started data transformation for Test Data
[ 2023-09-09 17:55:02,984 ] 121 root - INFO - Started reading the test data
[ 2023-09-09 17:55:02,995 ] 124 root - INFO - Reading the test data completed
[ 2023-09-09 17:55:02,995 ] 132 root - INFO -  Started Filling the null Values of Item weight
[ 2023-09-09 17:55:03,011 ] 141 root - INFO - Completed filling the null values
[ 2023-09-09 17:55:03,011 ] 143 root - INFO - Started filling null values of Outlet size
[ 2023-09-09 17:55:03,014 ] 146 root - INFO - Filling null values of Outlet size is completed
[ 2023-09-09 17:55:03,014 ] 151 root - INFO - Started replacing the values of Item fat content
[ 2023-09-09 17:55:03,014 ] 157 root - INFO - Replacing the values of Item fat content completed
[ 2023-09-09 17:55:03,014 ] 163 root - INFO - Applying label encoding to Item type
[ 2023-09-09 17:55:03,014 ] 169 root - INFO - Applying label encoding to Item type completed
[ 2023-09-09 17:55:03,014 ] 180 root - INFO - Started Label encoding to Item fat content
[ 2023-09-09 17:55:03,014 ] 183 root - INFO - Label encoding to Item fat content completed
[ 2023-09-09 17:55:03,014 ] 188 root - INFO - Started Label encoding to outlet size
[ 2023-09-09 17:55:03,024 ] 191 root - INFO - Label encoding to outlet size completed
[ 2023-09-09 17:55:03,024 ] 196 root - INFO - Started Label encoding to outlet location type
[ 2023-09-09 17:55:03,030 ] 199 root - INFO -  Label encoding to outlet location type completed
[ 2023-09-09 17:55:03,030 ] 204 root - INFO - Started Label encoding to outlet type
[ 2023-09-09 17:55:03,034 ] 207 root - INFO - Label encoding to outlet type completed
[ 2023-09-09 17:55:03,034 ] 212 root - INFO - Completed data transformation for Test Data
[ 2023-09-09 17:55:03,116 ] 30 root - INFO - Started Feature selection
[ 2023-09-09 17:55:03,119 ] 34 root - INFO - Feature selection completed
[ 2023-09-09 17:55:03,119 ] 39 root - INFO - Started splitting the data into Train and Test set
[ 2023-09-09 17:55:03,120 ] 42 root - INFO - Splitting the data into Train and Test set completed
[ 2023-09-09 17:55:03,120 ] 52 root - INFO - Started fitting Model Using Linear Regression
[ 2023-09-09 17:55:03,124 ] 58 root - INFO - Fitting Model Using Linear Regression completed
[ 2023-09-09 17:55:03,124 ] 59 root - INFO - Accuracy for Linear Regression is 0.5129696687890513
[ 2023-09-09 17:55:03,124 ] 64 root - INFO - Saving the Linear Regression model
[ 2023-09-09 17:55:03,130 ] 70 root - INFO - Saving the Linear Regression model completed
[ 2023-09-09 17:55:03,131 ] 80 root - INFO - Started fitting Model Using ExtraTree Regression
[ 2023-09-09 17:55:05,954 ] 86 root - INFO - Fitting Model Using ExtraTree Regression completed
[ 2023-09-09 17:55:05,954 ] 87 root - INFO - Accuracy for ExtraTree Regression is 0.5397584098721389
[ 2023-09-09 17:55:05,954 ] 92 root - INFO - Saving the ExtraTree Regression model
[ 2023-09-09 17:55:06,047 ] 98 root - INFO - Saving the ExtraTree Regression model completed
[ 2023-09-09 17:55:06,047 ] 108 root - INFO - Started fitting Model Using Gradient Boosting Regression
[ 2023-09-09 17:55:07,367 ] 114 root - INFO - Fitting Model Using Gradient Boosting Regression completed
[ 2023-09-09 17:55:07,367 ] 115 root - INFO - Accuracy for Gradient Boosting Regression is 0.5929522579268665
[ 2023-09-09 17:55:07,367 ] 120 root - INFO - Saving the Gradient Boosting Regression model
[ 2023-09-09 17:55:07,367 ] 126 root - INFO - Saving the Gradient Boosting Regression model completed
[ 2023-09-09 17:55:07,367 ] 136 root - INFO - Started fitting Model Using XGBoost Regression
[ 2023-09-09 17:55:08,529 ] 142 root - INFO - Fitting Model Using XGBoost Regression completed
[ 2023-09-09 17:55:08,529 ] 143 root - INFO - Accuracy for XGBoost Regression is 0.594095482484795
[ 2023-09-09 17:55:08,529 ] 148 root - INFO - Saving the XGBoost Regression model
[ 2023-09-09 17:55:08,540 ] 154 root - INFO - Saving the XGBoost Regression model completed
[ 2023-09-09 17:55:08,557 ] 14 root - INFO - Started prediction on test data
[ 2023-09-09 17:55:08,588 ] 19 root - INFO - Prediction on test data completed
[ 2023-09-09 17:55:08,591 ] 27 root - INFO - Pipeline completed
[ 2023-09-09 17:55:08,592 ] 21 root - INFO - Model is loading
[ 2023-09-09 17:55:08,594 ] 23 root - INFO - Model loading is completed
[ 2023-09-09 17:55:08,613 ] 187 werkzeug - INFO - [31m[1mWARNING: This is a development server. Do not use it in a production deployment. Use a production WSGI server instead.[0m
 * Running on http://127.0.0.1:5000
[ 2023-09-09 17:55:08,614 ] 187 werkzeug - INFO - [33mPress CTRL+C to quit[0m
[ 2023-09-09 17:56:34,374 ] 187 werkzeug - INFO - 127.0.0.1 - - [09/Sep/2023 17:56:34] "GET / HTTP/1.1" 200 -
[ 2023-09-09 17:56:34,409 ] 187 werkzeug - INFO - 127.0.0.1 - - [09/Sep/2023 17:56:34] "[33mGET /static/css/styles.css HTTP/1.1[0m" 404 -
[ 2023-09-09 17:56:35,194 ] 187 werkzeug - INFO - 127.0.0.1 - - [09/Sep/2023 17:56:35] "[33mGET /favicon.ico HTTP/1.1[0m" 404 -
[ 2023-09-09 17:57:36,367 ] 187 werkzeug - INFO - 127.0.0.1 - - [09/Sep/2023 17:57:36] "POST /predict HTTP/1.1" 200 -
[ 2023-09-09 17:57:36,403 ] 187 werkzeug - INFO - 127.0.0.1 - - [09/Sep/2023 17:57:36] "[33mGET /static/css/styles.css HTTP/1.1[0m" 404 -
