[ 2023-09-09 17:49:21,722 ] 18 root - INFO - Reading the Train data
[ 2023-09-09 17:49:21,774 ] 23 root - INFO - Reading the Train data successful
[ 2023-09-09 17:49:21,774 ] 32 root - INFO - Reading the test data
[ 2023-09-09 17:49:21,815 ] 37 root - INFO - Reading the test data successful
[ 2023-09-09 17:49:21,815 ] 22 root - INFO - Started data transformation for Train Data
[ 2023-09-09 17:49:21,815 ] 24 root - INFO - Started reading the train data
[ 2023-09-09 17:49:21,839 ] 27 root - INFO - Reading the train data completed
[ 2023-09-09 17:49:21,842 ] 35 root - INFO -  Started Filling the null Values of Item weight
[ 2023-09-09 17:49:21,855 ] 44 root - INFO - Completed filling the null values
[ 2023-09-09 17:49:21,866 ] 46 root - INFO - Started filling null values of Outlet size
[ 2023-09-09 17:49:21,866 ] 49 root - INFO - Filling null values of Outlet size is completed
[ 2023-09-09 17:49:21,866 ] 54 root - INFO - Started replacing the values of Item fat content
[ 2023-09-09 17:49:21,866 ] 60 root - INFO - Replacing the values of Item fat content completed
[ 2023-09-09 17:49:21,866 ] 66 root - INFO - Applying label encoding to Item type
[ 2023-09-09 17:49:21,866 ] 72 root - INFO - Applying label encoding to Item type completed
[ 2023-09-09 17:49:21,874 ] 83 root - INFO - Started Label encoding to Item fat content
[ 2023-09-09 17:49:21,882 ] 86 root - INFO - Label encoding to Item fat content completed
[ 2023-09-09 17:49:21,882 ] 91 root - INFO - Started Label encoding to outlet size
[ 2023-09-09 17:49:21,882 ] 94 root - INFO - Label encoding to outlet size completed
[ 2023-09-09 17:49:21,882 ] 99 root - INFO - Started Label encoding to outlet location type
[ 2023-09-09 17:49:21,890 ] 102 root - INFO -  Label encoding to outlet location type completed
[ 2023-09-09 17:49:21,890 ] 107 root - INFO - Started Label encoding to outlet type
[ 2023-09-09 17:49:21,890 ] 110 root - INFO - Label encoding to outlet type completed
[ 2023-09-09 17:49:21,890 ] 115 root - INFO - Completed data transformation for Train Data
[ 2023-09-09 17:49:21,890 ] 120 root - INFO - Started data transformation for Test Data
[ 2023-09-09 17:49:21,890 ] 121 root - INFO - Started reading the test data
[ 2023-09-09 17:49:21,903 ] 124 root - INFO - Reading the test data completed
[ 2023-09-09 17:49:21,903 ] 132 root - INFO -  Started Filling the null Values of Item weight
[ 2023-09-09 17:49:21,911 ] 141 root - INFO - Completed filling the null values
[ 2023-09-09 17:49:21,911 ] 143 root - INFO - Started filling null values of Outlet size
[ 2023-09-09 17:49:21,922 ] 146 root - INFO - Filling null values of Outlet size is completed
[ 2023-09-09 17:49:21,922 ] 151 root - INFO - Started replacing the values of Item fat content
[ 2023-09-09 17:49:21,922 ] 157 root - INFO - Replacing the values of Item fat content completed
[ 2023-09-09 17:49:21,922 ] 163 root - INFO - Applying label encoding to Item type
[ 2023-09-09 17:49:21,924 ] 169 root - INFO - Applying label encoding to Item type completed
[ 2023-09-09 17:49:21,924 ] 180 root - INFO - Started Label encoding to Item fat content
[ 2023-09-09 17:49:21,924 ] 183 root - INFO - Label encoding to Item fat content completed
[ 2023-09-09 17:49:21,924 ] 188 root - INFO - Started Label encoding to outlet size
[ 2023-09-09 17:49:21,924 ] 191 root - INFO - Label encoding to outlet size completed
[ 2023-09-09 17:49:21,933 ] 196 root - INFO - Started Label encoding to outlet location type
[ 2023-09-09 17:49:21,936 ] 199 root - INFO -  Label encoding to outlet location type completed
[ 2023-09-09 17:49:21,936 ] 204 root - INFO - Started Label encoding to outlet type
[ 2023-09-09 17:49:21,936 ] 207 root - INFO - Label encoding to outlet type completed
[ 2023-09-09 17:49:21,936 ] 212 root - INFO - Completed data transformation for Test Data
[ 2023-09-09 17:49:22,183 ] 12 root - INFO - Pipeline started
[ 2023-09-09 17:49:22,183 ] 18 root - INFO - Reading the Train data
[ 2023-09-09 17:49:22,244 ] 23 root - INFO - Reading the Train data successful
[ 2023-09-09 17:49:22,244 ] 32 root - INFO - Reading the test data
[ 2023-09-09 17:49:22,288 ] 37 root - INFO - Reading the test data successful
[ 2023-09-09 17:49:22,288 ] 22 root - INFO - Started data transformation for Train Data
[ 2023-09-09 17:49:22,288 ] 24 root - INFO - Started reading the train data
[ 2023-09-09 17:49:22,311 ] 27 root - INFO - Reading the train data completed
[ 2023-09-09 17:49:22,311 ] 35 root - INFO -  Started Filling the null Values of Item weight
[ 2023-09-09 17:49:22,335 ] 44 root - INFO - Completed filling the null values
[ 2023-09-09 17:49:22,335 ] 46 root - INFO - Started filling null values of Outlet size
[ 2023-09-09 17:49:22,344 ] 49 root - INFO - Filling null values of Outlet size is completed
[ 2023-09-09 17:49:22,344 ] 54 root - INFO - Started replacing the values of Item fat content
[ 2023-09-09 17:49:22,344 ] 60 root - INFO - Replacing the values of Item fat content completed
[ 2023-09-09 17:49:22,344 ] 66 root - INFO - Applying label encoding to Item type
[ 2023-09-09 17:49:22,344 ] 72 root - INFO - Applying label encoding to Item type completed
[ 2023-09-09 17:49:22,344 ] 83 root - INFO - Started Label encoding to Item fat content
[ 2023-09-09 17:49:22,344 ] 86 root - INFO - Label encoding to Item fat content completed
[ 2023-09-09 17:49:22,344 ] 91 root - INFO - Started Label encoding to outlet size
[ 2023-09-09 17:49:22,354 ] 94 root - INFO - Label encoding to outlet size completed
[ 2023-09-09 17:49:22,354 ] 99 root - INFO - Started Label encoding to outlet location type
[ 2023-09-09 17:49:22,364 ] 102 root - INFO -  Label encoding to outlet location type completed
[ 2023-09-09 17:49:22,365 ] 107 root - INFO - Started Label encoding to outlet type
[ 2023-09-09 17:49:22,369 ] 110 root - INFO - Label encoding to outlet type completed
[ 2023-09-09 17:49:22,369 ] 115 root - INFO - Completed data transformation for Train Data
[ 2023-09-09 17:49:22,369 ] 120 root - INFO - Started data transformation for Test Data
[ 2023-09-09 17:49:22,369 ] 121 root - INFO - Started reading the test data
[ 2023-09-09 17:49:22,374 ] 124 root - INFO - Reading the test data completed
[ 2023-09-09 17:49:22,374 ] 132 root - INFO -  Started Filling the null Values of Item weight
[ 2023-09-09 17:49:22,394 ] 141 root - INFO - Completed filling the null values
[ 2023-09-09 17:49:22,394 ] 143 root - INFO - Started filling null values of Outlet size
[ 2023-09-09 17:49:22,394 ] 146 root - INFO - Filling null values of Outlet size is completed
[ 2023-09-09 17:49:22,394 ] 151 root - INFO - Started replacing the values of Item fat content
[ 2023-09-09 17:49:22,399 ] 157 root - INFO - Replacing the values of Item fat content completed
[ 2023-09-09 17:49:22,399 ] 163 root - INFO - Applying label encoding to Item type
[ 2023-09-09 17:49:22,399 ] 169 root - INFO - Applying label encoding to Item type completed
[ 2023-09-09 17:49:22,399 ] 180 root - INFO - Started Label encoding to Item fat content
[ 2023-09-09 17:49:22,404 ] 183 root - INFO - Label encoding to Item fat content completed
[ 2023-09-09 17:49:22,404 ] 188 root - INFO - Started Label encoding to outlet size
[ 2023-09-09 17:49:22,412 ] 191 root - INFO - Label encoding to outlet size completed
[ 2023-09-09 17:49:22,412 ] 196 root - INFO - Started Label encoding to outlet location type
[ 2023-09-09 17:49:22,414 ] 199 root - INFO -  Label encoding to outlet location type completed
[ 2023-09-09 17:49:22,414 ] 204 root - INFO - Started Label encoding to outlet type
[ 2023-09-09 17:49:22,414 ] 207 root - INFO - Label encoding to outlet type completed
[ 2023-09-09 17:49:22,414 ] 212 root - INFO - Completed data transformation for Test Data
[ 2023-09-09 17:49:22,496 ] 30 root - INFO - Started Feature selection
[ 2023-09-09 17:49:22,496 ] 34 root - INFO - Feature selection completed
[ 2023-09-09 17:49:22,496 ] 39 root - INFO - Started splitting the data into Train and Test set
[ 2023-09-09 17:49:22,496 ] 42 root - INFO - Splitting the data into Train and Test set completed
[ 2023-09-09 17:49:22,496 ] 52 root - INFO - Started fitting Model Using Linear Regression
[ 2023-09-09 17:49:22,504 ] 58 root - INFO - Fitting Model Using Linear Regression completed
[ 2023-09-09 17:49:22,504 ] 59 root - INFO - Accuracy for Linear Regression is 0.5129696687890513
[ 2023-09-09 17:49:22,504 ] 64 root - INFO - Saving the Linear Regression model
[ 2023-09-09 17:49:22,504 ] 70 root - INFO - Saving the Linear Regression model completed
[ 2023-09-09 17:49:22,504 ] 80 root - INFO - Started fitting Model Using ExtraTree Regression
[ 2023-09-09 17:49:25,670 ] 86 root - INFO - Fitting Model Using ExtraTree Regression completed
[ 2023-09-09 17:49:25,670 ] 87 root - INFO - Accuracy for ExtraTree Regression is 0.5452403944220545
[ 2023-09-09 17:49:25,670 ] 92 root - INFO - Saving the ExtraTree Regression model
[ 2023-09-09 17:49:25,754 ] 98 root - INFO - Saving the ExtraTree Regression model completed
[ 2023-09-09 17:49:25,754 ] 108 root - INFO - Started fitting Model Using Gradient Boosting Regression
[ 2023-09-09 17:49:27,028 ] 114 root - INFO - Fitting Model Using Gradient Boosting Regression completed
[ 2023-09-09 17:49:27,028 ] 115 root - INFO - Accuracy for Gradient Boosting Regression is 0.5948048813235574
[ 2023-09-09 17:49:27,028 ] 120 root - INFO - Saving the Gradient Boosting Regression model
[ 2023-09-09 17:49:27,030 ] 126 root - INFO - Saving the Gradient Boosting Regression model completed
[ 2023-09-09 17:49:27,030 ] 136 root - INFO - Started fitting Model Using XGBoost Regression
[ 2023-09-09 17:49:28,184 ] 142 root - INFO - Fitting Model Using XGBoost Regression completed
[ 2023-09-09 17:49:28,184 ] 143 root - INFO - Accuracy for XGBoost Regression is 0.594095482484795
[ 2023-09-09 17:49:28,184 ] 148 root - INFO - Saving the XGBoost Regression model
[ 2023-09-09 17:49:28,189 ] 154 root - INFO - Saving the XGBoost Regression model completed
[ 2023-09-09 17:49:28,205 ] 14 root - INFO - Started prediction on test data
[ 2023-09-09 17:49:28,230 ] 19 root - INFO - Prediction on test data completed
[ 2023-09-09 17:49:28,235 ] 27 root - INFO - Pipeline completed
[ 2023-09-09 17:49:28,235 ] 21 root - INFO - Model is loading
[ 2023-09-09 17:49:28,240 ] 23 root - INFO - Model loading is completed
[ 2023-09-09 17:49:32,186 ] 187 werkzeug - INFO - [31m[1mWARNING: This is a development server. Do not use it in a production deployment. Use a production WSGI server instead.[0m
 * Running on http://127.0.0.1:5000
[ 2023-09-09 17:49:32,186 ] 187 werkzeug - INFO - [33mPress CTRL+C to quit[0m
[ 2023-09-09 17:50:54,034 ] 187 werkzeug - INFO - 127.0.0.1 - - [09/Sep/2023 17:50:54] "GET / HTTP/1.1" 200 -
[ 2023-09-09 17:50:54,088 ] 187 werkzeug - INFO - 127.0.0.1 - - [09/Sep/2023 17:50:54] "[33mGET /static/css/styles.css HTTP/1.1[0m" 404 -
[ 2023-09-09 17:50:55,004 ] 187 werkzeug - INFO - 127.0.0.1 - - [09/Sep/2023 17:50:55] "[33mGET /favicon.ico HTTP/1.1[0m" 404 -
[ 2023-09-09 17:53:58,910 ] 1414 app - ERROR - Exception on /predict [POST]
Traceback (most recent call last):
  File "D:\Internship\Store_Sales_Prediction\venv\Lib\site-packages\flask\app.py", line 2190, in wsgi_app
    response = self.full_dispatch_request()
               ^^^^^^^^^^^^^^^^^^^^^^^^^^^^
  File "D:\Internship\Store_Sales_Prediction\venv\Lib\site-packages\flask\app.py", line 1486, in full_dispatch_request
    rv = self.handle_user_exception(e)
         ^^^^^^^^^^^^^^^^^^^^^^^^^^^^^
  File "D:\Internship\Store_Sales_Prediction\venv\Lib\site-packages\flask\app.py", line 1484, in full_dispatch_request
    rv = self.dispatch_request()
         ^^^^^^^^^^^^^^^^^^^^^^^
  File "D:\Internship\Store_Sales_Prediction\venv\Lib\site-packages\flask\app.py", line 1469, in dispatch_request
    return self.ensure_sync(self.view_functions[rule.endpoint])(**view_args)
           ^^^^^^^^^^^^^^^^^^^^^^^^^^^^^^^^^^^^^^^^^^^^^^^^^^^^^^^^^^^^^^^^^
  File "D:\Internship\Store_Sales_Prediction\venv\Lib\site-packages\flask_cors\decorator.py", line 130, in wrapped_function
    resp = make_response(f(*args, **kwargs))
                         ^^^^^^^^^^^^^^^^^^
  File "D:\Internship\Store_Sales_Prediction\app.py", line 52, in predict
    Item_MRP = float(request.form["Item_MRP"])
               ^^^^^^^^^^^^^^^^^^^^^^^^^^^^^^^
ValueError: could not convert string to float: 'dairy'
[ 2023-09-09 17:53:58,914 ] 187 werkzeug - INFO - 127.0.0.1 - - [09/Sep/2023 17:53:58] "[35m[1mPOST /predict HTTP/1.1[0m" 500 -
[ 2023-09-09 17:54:11,013 ] 1414 app - ERROR - Exception on /predict [POST]
Traceback (most recent call last):
  File "D:\Internship\Store_Sales_Prediction\venv\Lib\site-packages\flask\app.py", line 2190, in wsgi_app
    response = self.full_dispatch_request()
               ^^^^^^^^^^^^^^^^^^^^^^^^^^^^
  File "D:\Internship\Store_Sales_Prediction\venv\Lib\site-packages\flask\app.py", line 1486, in full_dispatch_request
    rv = self.handle_user_exception(e)
         ^^^^^^^^^^^^^^^^^^^^^^^^^^^^^
  File "D:\Internship\Store_Sales_Prediction\venv\Lib\site-packages\flask\app.py", line 1484, in full_dispatch_request
    rv = self.dispatch_request()
         ^^^^^^^^^^^^^^^^^^^^^^^
  File "D:\Internship\Store_Sales_Prediction\venv\Lib\site-packages\flask\app.py", line 1469, in dispatch_request
    return self.ensure_sync(self.view_functions[rule.endpoint])(**view_args)
           ^^^^^^^^^^^^^^^^^^^^^^^^^^^^^^^^^^^^^^^^^^^^^^^^^^^^^^^^^^^^^^^^^
  File "D:\Internship\Store_Sales_Prediction\venv\Lib\site-packages\flask_cors\decorator.py", line 130, in wrapped_function
    resp = make_response(f(*args, **kwargs))
                         ^^^^^^^^^^^^^^^^^^
  File "D:\Internship\Store_Sales_Prediction\app.py", line 52, in predict
    Item_MRP = float(request.form["Item_MRP"])
               ^^^^^^^^^^^^^^^^^^^^^^^^^^^^^^^
ValueError: could not convert string to float: 'dairy'
[ 2023-09-09 17:54:11,015 ] 187 werkzeug - INFO - 127.0.0.1 - - [09/Sep/2023 17:54:11] "[35m[1mPOST /predict HTTP/1.1[0m" 500 -
[ 2023-09-09 17:54:22,297 ] 1414 app - ERROR - Exception on /predict [POST]
Traceback (most recent call last):
  File "D:\Internship\Store_Sales_Prediction\venv\Lib\site-packages\flask\app.py", line 2190, in wsgi_app
    response = self.full_dispatch_request()
               ^^^^^^^^^^^^^^^^^^^^^^^^^^^^
  File "D:\Internship\Store_Sales_Prediction\venv\Lib\site-packages\flask\app.py", line 1486, in full_dispatch_request
    rv = self.handle_user_exception(e)
         ^^^^^^^^^^^^^^^^^^^^^^^^^^^^^
  File "D:\Internship\Store_Sales_Prediction\venv\Lib\site-packages\flask\app.py", line 1484, in full_dispatch_request
    rv = self.dispatch_request()
         ^^^^^^^^^^^^^^^^^^^^^^^
  File "D:\Internship\Store_Sales_Prediction\venv\Lib\site-packages\flask\app.py", line 1469, in dispatch_request
    return self.ensure_sync(self.view_functions[rule.endpoint])(**view_args)
           ^^^^^^^^^^^^^^^^^^^^^^^^^^^^^^^^^^^^^^^^^^^^^^^^^^^^^^^^^^^^^^^^^
  File "D:\Internship\Store_Sales_Prediction\venv\Lib\site-packages\flask_cors\decorator.py", line 130, in wrapped_function
    resp = make_response(f(*args, **kwargs))
                         ^^^^^^^^^^^^^^^^^^
  File "D:\Internship\Store_Sales_Prediction\app.py", line 52, in predict
    Item_MRP = float(request.form["Item_MRP"])
               ^^^^^^^^^^^^^^^^^^^^^^^^^^^^^^^
ValueError: could not convert string to float: 'dairy'
[ 2023-09-09 17:54:22,298 ] 187 werkzeug - INFO - 127.0.0.1 - - [09/Sep/2023 17:54:22] "[35m[1mPOST /predict HTTP/1.1[0m" 500 -
